<?xml version="1.0" encoding="UTF-8"?>
<!-- Generated by org.testng.reporters.JUnitReportReporter -->
<testsuite hostname="Pavan-PC" name="testNG.DependsOnTest" tests="3" failures="0" timestamp="5 Jul 2017 17:57:43 GMT" time="0.028" errors="0">
  <testcase name="login" time="0.020" classname="testNG.DependsOnTest"/>
  <testcase name="test2" time="0.002" classname="testNG.DependsOnTest"/>
  <testcase name="logout" time="0.006" classname="testNG.DependsOnTest"/>
</testsuite> <!-- testNG.DependsOnTest -->
