<?xml version="1.0" encoding="UTF-8"?>
<!-- Generated by org.testng.reporters.JUnitReportReporter -->
<testsuite hostname="Pavan-PC" name="seleniumExamples.HowToVerifyCommonTextInSelenium" tests="1" failures="0" timestamp="5 Jul 2017 20:03:41 GMT" time="12.737" errors="0">
  <testcase name="howToVerifyCommonTextInSelenium" time="12.737" classname="seleniumExamples.HowToVerifyCommonTextInSelenium"/>
</testsuite> <!-- seleniumExamples.HowToVerifyCommonTextInSelenium -->
