<?xml version="1.0" encoding="UTF-8"?>
<!-- Generated by org.testng.reporters.JUnitReportReporter -->
<testsuite hostname="Pavan-PC" name="testNG.GroupTest" tests="3" failures="0" timestamp="6 Jul 2017 05:22:59 GMT" time="0.001" errors="0">
  <testcase name="test3" time="0.000" classname="testNG.GroupTest"/>
  <testcase name="test2" time="0.000" classname="testNG.GroupTest"/>
  <testcase name="test1" time="0.001" classname="testNG.GroupTest"/>
</testsuite> <!-- testNG.GroupTest -->
