<?xml version="1.0" encoding="UTF-8"?>
<!-- Generated by org.testng.reporters.JUnitReportReporter -->
<testsuite hostname="Pavan-PC" name="testNG.Allannotaions" tests="2" failures="0" timestamp="6 Jul 2017 05:22:59 GMT" time="0.003" errors="0">
  <testcase name="test1" time="0.002" classname="testNG.Allannotaions"/>
  <testcase name="test2" time="0.001" classname="testNG.Allannotaions"/>
</testsuite> <!-- testNG.Allannotaions -->
