<?xml version="1.0" encoding="UTF-8"?>
<!-- Generated by org.testng.reporters.JUnitReportReporter -->
<testsuite hostname="Pavan-PC" name="testNG.DependsOnTest" tests="3" failures="0" timestamp="6 Jul 2017 05:22:59 GMT" time="0.005" errors="0">
  <testcase name="login" time="0.001" classname="testNG.DependsOnTest"/>
  <testcase name="test2" time="0.000" classname="testNG.DependsOnTest"/>
  <testcase name="logout" time="0.004" classname="testNG.DependsOnTest"/>
</testsuite> <!-- testNG.DependsOnTest -->
