<?xml version="1.0" encoding="UTF-8"?>
<!-- Generated by org.testng.reporters.JUnitReportReporter -->
<testsuite hostname="Pavan-PC" name="testNG.ParametersInTestNG" tests="1" failures="0" timestamp="6 Jul 2017 05:22:59 GMT" time="0.001" errors="0">
  <testcase name="testLogin" time="0.001" classname="testNG.ParametersInTestNG"/>
</testsuite> <!-- testNG.ParametersInTestNG -->
