<?xml version="1.0" encoding="UTF-8"?>
<!-- Generated by org.testng.reporters.JUnitReportReporter -->
<testsuite hostname="Pavan-PC" name="seleniumExamples.HowToVerifyCommonTextInSelenium" tests="1" failures="0" timestamp="6 Jul 2017 05:22:59 GMT" time="15.467" errors="0">
  <testcase name="howToVerifyCommonTextInSelenium" time="15.467" classname="seleniumExamples.HowToVerifyCommonTextInSelenium"/>
</testsuite> <!-- seleniumExamples.HowToVerifyCommonTextInSelenium -->
